[1126/173947.694:ERROR:process_memory_win.cc(73)] ReadMemory at 0x1a531caffb0 of 512 bytes failed: Запрос ReadProcessMemory или WriteProcessMemory был выполнен только частично. (0x12B)
[1126/173947.986:ERROR:process_memory_win.cc(73)] ReadMemory at 0x1a531cb1548 of 512 bytes failed: Запрос ReadProcessMemory или WriteProcessMemory был выполнен только частично. (0x12B)
[1126/173947.986:ERROR:process_memory_win.cc(73)] ReadMemory at 0x1a533358f90 of 512 bytes failed: Запрос ReadProcessMemory или WriteProcessMemory был выполнен только частично. (0x12B)
[1126/173947.986:ERROR:process_memory_win.cc(73)] ReadMemory at 0x1a5340331e0 of 512 bytes failed: Запрос ReadProcessMemory или WriteProcessMemory был выполнен только частично. (0x12B)
[1126/173948.021:ERROR:process_memory_win.cc(73)] ReadMemory at 0x180458880000 of 384 bytes failed: Запрос ReadProcessMemory или WriteProcessMemory был выполнен только частично. (0x12B)
[1126/173948.021:ERROR:process_memory_win.cc(73)] ReadMemory at 0x1804588a2fd0 of 520 bytes failed: Запрос ReadProcessMemory или WriteProcessMemory был выполнен только частично. (0x12B)
[1126/173948.021:ERROR:process_memory_win.cc(73)] ReadMemory at 0x353f56a026b0 of 514 bytes failed: Запрос ReadProcessMemory или WriteProcessMemory был выполнен только частично. (0x12B)
[1126/173948.021:ERROR:process_memory_win.cc(73)] ReadMemory at 0x5afe83480000 of 384 bytes failed: Запрос ReadProcessMemory или WriteProcessMemory был выполнен только частично. (0x12B)
[1126/173948.021:ERROR:process_memory_win.cc(73)] ReadMemory at 0x5afe834b3079 of 512 bytes failed: Запрос ReadProcessMemory или WriteProcessMemory был выполнен только частично. (0x12B)
[1126/173948.021:ERROR:process_memory_win.cc(73)] ReadMemory at 0x6a04fefde069 of 512 bytes failed: Запрос ReadProcessMemory или WriteProcessMemory был выполнен только частично. (0x12B)
[1126/173948.021:ERROR:process_memory_win.cc(73)] ReadMemory at 0x7ffbedffee58 of 512 bytes failed: Запрос ReadProcessMemory или WriteProcessMemory был выполнен только частично. (0x12B)
[1126/173948.021:ERROR:process_memory_win.cc(73)] ReadMemory at 0x7ffbef43c62c of 512 bytes failed: Запрос ReadProcessMemory или WriteProcessMemory был выполнен только частично. (0x12B)
[1126/173948.021:ERROR:process_memory_win.cc(73)] ReadMemory at 0x7ffbf1dbdb50 of 512 bytes failed: Запрос ReadProcessMemory или WriteProcessMemory был выполнен только частично. (0x12B)
[1126/173948.022:ERROR:process_memory_win.cc(73)] ReadMemory at 0x7ffc013e7dc5 of 512 bytes failed: Запрос ReadProcessMemory или WriteProcessMemory был выполнен только частично. (0x12B)
[1126/173948.022:ERROR:process_memory_win.cc(73)] ReadMemory at 0x7ffc013e85be of 512 bytes failed: Запрос ReadProcessMemory или WriteProcessMemory был выполнен только частично. (0x12B)
[1126/173948.022:ERROR:process_memory_win.cc(73)] ReadMemory at 0x7ffc1463efc0 of 512 bytes failed: Запрос ReadProcessMemory или WriteProcessMemory был выполнен только частично. (0x12B)
[1126/173948.022:ERROR:process_memory_win.cc(73)] ReadMemory at 0x7ffc14642900 of 512 bytes failed: Запрос ReadProcessMemory или WriteProcessMemory был выполнен только частично. (0x12B)
[1126/173948.022:ERROR:process_memory_win.cc(73)] ReadMemory at 0x7ffc146b60a4 of 672 bytes failed: Запрос ReadProcessMemory или WriteProcessMemory был выполнен только частично. (0x12B)
[1126/173948.093:ERROR:process_memory_win.cc(73)] ReadMemory at 0x7ffc146b9794 of 608 bytes failed: Запрос ReadProcessMemory или WriteProcessMemory был выполнен только частично. (0x12B)
[1126/173948.093:ERROR:process_memory_win.cc(73)] ReadMemory at 0x7ffc146bc9cb of 512 bytes failed: Запрос ReadProcessMemory или WriteProcessMemory был выполнен только частично. (0x12B)
[1126/173948.093:ERROR:process_memory_win.cc(73)] ReadMemory at 0x7ffc1472c860 of 18 bytes failed: Запрос ReadProcessMemory или WriteProcessMemory был выполнен только частично. (0x12B)
[1126/173948.093:ERROR:process_memory_win.cc(73)] ReadMemory at 0x7ffc1475d568 of 40 bytes failed: Запрос ReadProcessMemory или WriteProcessMemory был выполнен только частично. (0x12B)
[1126/173948.093:ERROR:process_memory_win.cc(73)] ReadMemory at 0x7ffc1475d998 of 48 bytes failed: Запрос ReadProcessMemory или WriteProcessMemory был выполнен только частично. (0x12B)
[1126/173948.094:ERROR:process_memory_win.cc(73)] ReadMemory at 0x7ffc147633a0 of 64 bytes failed: Запрос ReadProcessMemory или WriteProcessMemory был выполнен только частично. (0x12B)
[1126/173948.098:ERROR:scoped_process_suspend.cc(40)] NtResumeProcess: Попытка доступа к процессу, выполняющему процедуру завершения. (0xc000010a)
[0413/142738.490:ERROR:settings.cc(320)] Settings magic is not 1129342067
[0427/020437.041:ERROR:process_reader_win.cc(123)] NtOpenThread: {Отказано в доступе} Процесс запросил доступ к объекту, но права на доступ не предоставлены. (0xc0000022)
[0427/020437.041:ERROR:process_reader_win.cc(123)] NtOpenThread: {Отказано в доступе} Процесс запросил доступ к объекту, но права на доступ не предоставлены. (0xc0000022)
[0427/020437.135:ERROR:exception_snapshot_win.cc(98)] thread ID 8944 not found in process
[0427/020437.135:ERROR:exception_snapshot_win.cc(98)] thread ID 4404 not found in process
